****************************************************************************************************                    
**             MIDAS/CIVIL V8.3.1 - Modeling, Integrated Design & Analysis Software               **                    
**                         GENERAL STRUCTURE DESIGN SYSTEM FOR WINDOWS                            **                    
****************************************************************************************************                    
                                                                                                                        
                                   ....xxxxxxxx*********xxxxxxxx......                                                  
                               xXXXXXX***''               ```***XXXXXXXXXXx.                                            
                           XXXXXXX                                   ``*XXXXXXXx.                                       
         XXXXXXXXXX      XXXXXXX XX                                        `*XXXXXX.                                    
         XXXXXXXXXXX    XXXXXX XXXX                                           `*XXXXX                                   
         XXXXXXXXXXXX  XXXXXX XXXXX  XXXXX  XXXXXXXXXXx        XXXXX      .XXXX.`XXXXX                                  
         XXXXXXXXXXXX::XXXXX XXXXXX  XXXXX  XXXXXXXXXXXX      XXXXXXX    :XXXXXX: XXXXX                                 
         XXXXXX XXXXX XXXXX: XXXXXX  XXXXX  XXXXX   xXXXX    :XXXXXXX:   XXXX:     XXXXX                                
         XXXXXX  XXXX XXXXX  XXXXXX  XXXXX  XXXXX    XXXXX  :XXXX:XXXX   XXXXXXXXX:                                     
         XXXXXX  XXX XXXXX:  XXXXXX  XXXXX  XXXXX    :XXXX  XXXXX XXXXX   :XXXXXXXXXX                                   
         XXXXXX  :XX XXXXX   XXXXXX  XXXXX  XXXXX    :XXXX :XXXX: :XXXX:    `:XXXXXXXX:                                 
         XXXXXX   XX XXXXX   XXXXXX  XXXXX  XXXXX    XXXXX XXXXX   XXXXX XXXX     XXXXX                                 
         XXXXXX   XX XXXXX   XXXXXX  XXXXX  XXXXX   xXXXX XXXXX:   :XXXXX:XXXX   .XXXX                                  
         XXXXXX   :XXXXXXX   XXXXXX  XXXXX  XXXXXXXXXXXX :XXXX:     XXXXX XXXXXXXXXXX:                                  
         XXXXXX    XXXXXXX   XXXXXX  XXXXX  XXXXXXXXXXx  XXXXX      :XXXXX `XXXXXXX'     /CIVIL                         
                                                                                                                        
         ----------------- PC WINDOWS 95/98/2000/NT/XP VERSION. V8.3.1 ------------------                               
                                                                                                                        
                  Copyright ¨Ï SINCE 1989 MIDAS Information Technology Co., Ltd.                                        
                           ALL RIGHTS RESERVED MIDAS IT Co., Ltd.                                                       
                                                                                                                        
****************************************************************************************************                    
  
  
 -----------------------------------------S T A R T I N G       S O L U T I O N

 MULTI-FRONTAL SOLVER
 AVAILABLE MEMORY =    1.4 GBYTES

 INTERNAL DATA REGENERATION ( ENTRY REGEN_MODEL )

**  MIDAS/CIVIL WINDOWS VERSION 8.3.1                                DATE FEB/22/2017  TIME 21:56: 3
**  Modeling, Integrated Design & Analysis Software              PC WINDOWS 95/98/2000/NT/XP VERSION
====================================================================================================
  
  
 N U M B E R I N G   E Q U A T I O N
 ===================================


 INFORMATION FOR EQUATION NUMBER
 -------------------------------

  SERIAL   NODE          EQUATION NUMBERS FOR EACH DEGREE OF FREEDOM
    NO.     NO.         X       Y        Z        XX       YY       ZZ
 -------  -------   -------- -------- -------- -------- -------- --------
      1        1          13       14        0        0        0       18
      2        2          13       14        1        2        3       18
      3        3          13       14        4        5        6       18
      4        4          13       14        7        8        9       18
      5        5          13       14       10       11       12       18
      6        6          13       14       15       16       17       18
      7        7          13       14       19       20       21       18
      8        8          13       14       22       23       24       18
      9        9          13       14       25       26       27       18
     10       10          13       14       28       29       30       18
     11       11          13       14        0        0        0       18
     12       12          13       14        0        0        0       18
     13       13          13       14       31       32       33       18
     14       14          13       14       34       35       36       18
     15       15          13       14       37       38       39       18
     16       16          13       14       40       41       42       18
     17       17          13       14       43       44       45       18
     18       18          13       14       46       47       48       18
     19       19          13       14       49       50       51       18
     20       20          13       14       52       53       54       18
     21       21          13       14       55       56       57       18
     22       22          13       14        0        0        0       18
     23       23          13       14        0        0        0       18
     24       24          13       14       58       59       60       18
     25       25          13       14       61       62       63       18
     26       26          13       14       64       65       66       18
     27       27          13       14       67       68       69       18
     28       28          13       14       70       71       72       18
     29       29          13       14       73       74       75       18
     30       30          13       14       76       77       78       18
     31       31          13       14       79       80       81       18
     32       32          13       14       82       83       84       18
     33       33          13       14        0        0        0       18


 EQUATION STATUS
 ---------------

 TOTAL NUMBER OF VALID DOFS IN MODEL ..........:      84
 NUMBER OF EQUATIONS IN A BLOCK ...............:      84
 NUMBER OF BLOCKS .............................:       1

**  MIDAS/CIVIL WINDOWS VERSION 8.3.1                                DATE FEB/22/2017  TIME 21:56: 3
**  Modeling, Integrated Design & Analysis Software              PC WINDOWS 95/98/2000/NT/XP VERSION
====================================================================================================
  
  


 S E T U P   E Q U A T I O N   P R O F I L E
 ===========================================


 THE TOTAL WEIGHT OF MODEL
 -------------------------

 TOTAL WEIGHT ...........:  2.16000E+03   KN  


 THE CENTER OF GRAVITY OF FINITE ELEMENT MODEL 
 ---------------------------------------------

 X-COORDINATE OF C.G ....:  2.50000E+01   M   
 Y-COORDINATE OF C.G ....:  1.15610E-16   M   
 Z-COORDINATE OF C.G ....:  0.00000E+00   M   
 WARNING : NODE NO.      6  DY  DOF MAY BE SINGULAR.
 WARNING : EQUATION NO.        14
 WARNING : NODE NO.      6  DX  DOF MAY BE SINGULAR.
 WARNING : EQUATION NO.        13

 STATIC ANALYSIS TIME LOG ( IN SECOND )
 --------------------------------------
 MULTI-FRONTAL SOLUTION .....................:     8.52
 DISPLACEMENT OUTPUT ........................:     0.10
 STRESS OUTPUT ..............................:     0.04
 TOTAL SOLUTION TIME (SUM OF THE ABOVE) .....:     8.66

 MOVING LOAD ANALYSIS 
 MOVING LOAD CASE 
 MLDC COM. LANE NUMBER & APPLIED FACTOR 
                   L1/F1  L2/F2  L3/F3  L4/F4  L5/F5  L6/F6  L7/F7  L8/F8  L9/F9  L0/F0
 ---------------------------------------------------------------------------------------
      1         1      1
                    1.20
 ---------------------------------------------------------------------------------------

 MOVING LOAD ANALYSIS TIME (SEC) ............:     0.13

**  MIDAS/CIVIL WINDOWS VERSION 8.3.1                                DATE FEB/22/2017  TIME 21:56:12
**  Modeling, Integrated Design & Analysis Software              PC WINDOWS 95/98/2000/NT/XP VERSION
====================================================================================================
  
  


 =========================================================
 ** O V E R A L L   T I M E   L O G   I N   S E C O N D **
 =========================================================

  - INPUT DATA READING AND GENERATION ..........:     0.20
  - FORM ELEMENT STIFFNESS MATRICES ............:     0.34
  - FORM GLOBAL LOAD VECTOR ....................:     0.02
  - FORM TOTAL STIFFNESS MATRICES ..............:     0.06
  - P-DELTA ANALYSIS ...........................:     0.00
  - STATIC ANALYSIS ............................:     8.68
  - MOVING LOAD ANALYSIS .......................:     0.13
  - SETTLEMENT ANALYSIS ........................:     0.00
  - EIGENVALUE EXTRACTION ......................:     0.00
  - RESPONSE SPECTRUM ANALYSIS .................:     0.00
  - TIME HISTORY ANALYSIS ......................:     0.00
  - PRINT DYNAMIC INFORMATION OUTPUT ...........:     0.17
  - TOTAL ELAPSED TIME .........................:     9.60
